[0m15:57:48.364078 [debug] [MainThread]: Sending event: {'category': 'dbt', 'action': 'invocation', 'label': 'start', 'context': [<snowplow_tracker.self_describing_json.SelfDescribingJson object at 0x7f06d162eca0>, <snowplow_tracker.self_describing_json.SelfDescribingJson object at 0x7f06d0202dc0>, <snowplow_tracker.self_describing_json.SelfDescribingJson object at 0x7f06cfcb7f40>]}


============================== 15:57:48.367033 | 0bf5b6cb-d45e-4fb5-b5b3-219400acc58c ==============================
[0m15:57:48.367033 [info ] [MainThread]: Running with dbt=1.8.7
[0m15:57:48.367537 [debug] [MainThread]: running dbt with arguments {'printer_width': '80', 'indirect_selection': 'eager', 'log_cache_events': 'False', 'write_json': 'True', 'partial_parse': 'True', 'cache_selected_only': 'False', 'warn_error': 'None', 'fail_fast': 'False', 'debug': 'False', 'log_path': 'logs', 'version_check': 'True', 'profiles_dir': '/home/tunguyenn99/project/dbt-databricks', 'use_colors': 'True', 'use_experimental_parser': 'False', 'no_print': 'None', 'quiet': 'False', 'empty': 'None', 'log_format': 'default', 'introspect': 'True', 'warn_error_options': 'WarnErrorOptions(include=[], exclude=[])', 'invocation_command': 'dbt init', 'target_path': 'None', 'static_parser': 'True', 'send_anonymous_usage_stats': 'True'}
[0m15:58:22.815283 [debug] [MainThread]: Starter project path: /home/tunguyenn99/project/dbt-databricks/venv/lib/python3.8/site-packages/dbt/include/starter_project
[0m15:58:22.817796 [info ] [MainThread]: 
Your new dbt project "dbt_databricks" was created!

For more information on how to configure the profiles.yml file,
please consult the dbt documentation here:

  https://docs.getdbt.com/docs/configure-your-profile

One more thing:

Need help? Don't hesitate to reach out to us via GitHub issues or on Slack:

  https://community.getdbt.com/

Happy modeling!

[0m15:58:22.818216 [info ] [MainThread]: Setting up your profile.
[0m15:58:31.983060 [debug] [MainThread]: Spark adapter: Setting pyhive.hive logging to ERROR
[0m15:58:31.983543 [debug] [MainThread]: Spark adapter: Setting thrift.transport logging to ERROR
[0m15:58:31.983837 [debug] [MainThread]: Spark adapter: Setting thrift.protocol logging to ERROR
[0m16:04:38.665509 [info ] [MainThread]: Profile dbt_databricks written to /home/tunguyenn99/project/dbt-databricks/profiles.yml using target's profile_template.yml and your supplied values. Run 'dbt debug' to validate the connection.
[0m16:04:38.667413 [debug] [MainThread]: Resource report: {"command_name": "init", "command_success": true, "command_wall_clock_time": 410.36908, "process_user_time": 1.794863, "process_kernel_time": 1.418041, "process_mem_max_rss": "228816", "process_in_blocks": "5416", "process_out_blocks": "96"}
[0m16:04:38.667877 [debug] [MainThread]: Command `dbt init` succeeded at 16:04:38.667786 after 410.37 seconds
[0m16:04:38.668244 [debug] [MainThread]: Sending event: {'category': 'dbt', 'action': 'invocation', 'label': 'end', 'context': [<snowplow_tracker.self_describing_json.SelfDescribingJson object at 0x7f06d162eca0>, <snowplow_tracker.self_describing_json.SelfDescribingJson object at 0x7f06d08c7220>, <snowplow_tracker.self_describing_json.SelfDescribingJson object at 0x7f06cfc001f0>]}
[0m16:04:38.668597 [debug] [MainThread]: Flushing usage events
[0m16:05:27.567847 [debug] [MainThread]: Sending event: {'category': 'dbt', 'action': 'invocation', 'label': 'start', 'context': [<snowplow_tracker.self_describing_json.SelfDescribingJson object at 0x7fbd04de39a0>, <snowplow_tracker.self_describing_json.SelfDescribingJson object at 0x7fbd04a54a60>, <snowplow_tracker.self_describing_json.SelfDescribingJson object at 0x7fbd0347d580>]}


============================== 16:05:27.569917 | b3429604-6d9d-4a59-8963-0c31bbd94300 ==============================
[0m16:05:27.569917 [info ] [MainThread]: Running with dbt=1.8.7
[0m16:05:27.570349 [debug] [MainThread]: running dbt with arguments {'printer_width': '80', 'indirect_selection': 'eager', 'log_cache_events': 'False', 'write_json': 'True', 'partial_parse': 'True', 'cache_selected_only': 'False', 'warn_error': 'None', 'fail_fast': 'False', 'version_check': 'True', 'log_path': 'logs', 'debug': 'False', 'profiles_dir': '/home/tunguyenn99/project/dbt-databricks', 'use_colors': 'True', 'use_experimental_parser': 'False', 'empty': 'None', 'quiet': 'False', 'no_print': 'None', 'log_format': 'default', 'introspect': 'True', 'invocation_command': 'dbt debug', 'static_parser': 'True', 'target_path': 'None', 'warn_error_options': 'WarnErrorOptions(include=[], exclude=[])', 'send_anonymous_usage_stats': 'True'}
[0m16:05:27.575621 [info ] [MainThread]: dbt version: 1.8.7
[0m16:05:27.575926 [info ] [MainThread]: python version: 3.8.10
[0m16:05:27.576158 [info ] [MainThread]: python path: /home/tunguyenn99/project/dbt-databricks/venv/bin/python3
[0m16:05:27.576380 [info ] [MainThread]: os info: Linux-5.15.153.1-microsoft-standard-WSL2-x86_64-with-glibc2.29
[0m16:05:27.605003 [debug] [MainThread]: Spark adapter: Setting pyhive.hive logging to ERROR
[0m16:05:27.605476 [debug] [MainThread]: Spark adapter: Setting thrift.transport logging to ERROR
[0m16:05:27.605739 [debug] [MainThread]: Spark adapter: Setting thrift.protocol logging to ERROR
[0m16:05:28.276828 [info ] [MainThread]: Using profiles dir at /home/tunguyenn99/project/dbt-databricks
[0m16:05:28.277279 [info ] [MainThread]: Using profiles.yml file at /home/tunguyenn99/project/dbt-databricks/profiles.yml
[0m16:05:28.277610 [info ] [MainThread]: Using dbt_project.yml file at /home/tunguyenn99/project/dbt-databricks/dbt_project.yml
[0m16:05:28.277915 [error] [MainThread]: Encountered an error:
Internal Error
  Profile should not be None if loading profile completed
[0m16:05:28.278571 [debug] [MainThread]: Resource report: {"command_name": "debug", "command_wall_clock_time": 0.7496694, "process_user_time": 1.843114, "process_kernel_time": 1.354938, "process_mem_max_rss": "229384", "process_out_blocks": "16", "command_success": false, "process_in_blocks": "0"}
[0m16:05:28.278902 [debug] [MainThread]: Command `dbt debug` failed at 16:05:28.278830 after 0.75 seconds
[0m16:05:28.279158 [debug] [MainThread]: Sending event: {'category': 'dbt', 'action': 'invocation', 'label': 'end', 'context': [<snowplow_tracker.self_describing_json.SelfDescribingJson object at 0x7fbd04de39a0>, <snowplow_tracker.self_describing_json.SelfDescribingJson object at 0x7fbccd369f40>, <snowplow_tracker.self_describing_json.SelfDescribingJson object at 0x7fbd033bcf70>]}
[0m16:05:28.279444 [debug] [MainThread]: Flushing usage events
[0m16:06:23.613357 [debug] [MainThread]: Sending event: {'category': 'dbt', 'action': 'invocation', 'label': 'start', 'context': [<snowplow_tracker.self_describing_json.SelfDescribingJson object at 0x7f2e83288d00>, <snowplow_tracker.self_describing_json.SelfDescribingJson object at 0x7f2e81ae5310>, <snowplow_tracker.self_describing_json.SelfDescribingJson object at 0x7f2e8191fc40>]}


============================== 16:06:23.615279 | 1a5f2476-d90e-40ca-8f41-473c69cd7e1b ==============================
[0m16:06:23.615279 [info ] [MainThread]: Running with dbt=1.8.7
[0m16:06:23.615667 [debug] [MainThread]: running dbt with arguments {'printer_width': '80', 'indirect_selection': 'eager', 'write_json': 'True', 'log_cache_events': 'False', 'partial_parse': 'True', 'cache_selected_only': 'False', 'profiles_dir': '/home/tunguyenn99/.dbt', 'version_check': 'True', 'debug': 'False', 'log_path': 'logs', 'fail_fast': 'False', 'warn_error': 'None', 'use_colors': 'True', 'use_experimental_parser': 'False', 'empty': 'None', 'quiet': 'False', 'no_print': 'None', 'warn_error_options': 'WarnErrorOptions(include=[], exclude=[])', 'invocation_command': 'dbt init', 'log_format': 'default', 'static_parser': 'True', 'target_path': 'None', 'introspect': 'True', 'send_anonymous_usage_stats': 'True'}
[0m16:06:34.012318 [debug] [MainThread]: Starter project path: /home/tunguyenn99/project/dbt-databricks/venv/lib/python3.8/site-packages/dbt/include/starter_project
[0m16:06:34.014708 [info ] [MainThread]: 
Your new dbt project "dbt_databricks" was created!

For more information on how to configure the profiles.yml file,
please consult the dbt documentation here:

  https://docs.getdbt.com/docs/configure-your-profile

One more thing:

Need help? Don't hesitate to reach out to us via GitHub issues or on Slack:

  https://community.getdbt.com/

Happy modeling!

[0m16:06:34.015098 [info ] [MainThread]: Setting up your profile.
[0m16:06:36.297262 [debug] [MainThread]: Spark adapter: Setting pyhive.hive logging to ERROR
[0m16:06:36.297851 [debug] [MainThread]: Spark adapter: Setting thrift.transport logging to ERROR
[0m16:06:36.298229 [debug] [MainThread]: Spark adapter: Setting thrift.protocol logging to ERROR
[0m16:08:09.462162 [info ] [MainThread]: Profile dbt_databricks written to /home/tunguyenn99/.dbt/profiles.yml using target's profile_template.yml and your supplied values. Run 'dbt debug' to validate the connection.
[0m16:08:09.463182 [debug] [MainThread]: Resource report: {"command_name": "init", "command_success": true, "command_wall_clock_time": 105.89074, "process_user_time": 1.738582, "process_kernel_time": 1.403066, "process_mem_max_rss": "219288", "process_in_blocks": "24", "process_out_blocks": "104"}
[0m16:08:09.463665 [debug] [MainThread]: Command `dbt init` succeeded at 16:08:09.463535 after 105.89 seconds
[0m16:08:09.463996 [debug] [MainThread]: Sending event: {'category': 'dbt', 'action': 'invocation', 'label': 'end', 'context': [<snowplow_tracker.self_describing_json.SelfDescribingJson object at 0x7f2e83288d00>, <snowplow_tracker.self_describing_json.SelfDescribingJson object at 0x7f2e4be85bb0>, <snowplow_tracker.self_describing_json.SelfDescribingJson object at 0x7f2e81ad2e80>]}
[0m16:08:09.464312 [debug] [MainThread]: Flushing usage events
[0m16:08:18.999660 [debug] [MainThread]: Sending event: {'category': 'dbt', 'action': 'invocation', 'label': 'start', 'context': [<snowplow_tracker.self_describing_json.SelfDescribingJson object at 0x7f63d61c39a0>, <snowplow_tracker.self_describing_json.SelfDescribingJson object at 0x7f63d5e33a60>, <snowplow_tracker.self_describing_json.SelfDescribingJson object at 0x7f63d485e580>]}


============================== 16:08:19.001660 | 8d9fbacd-abd8-419d-be56-a5197d77e2df ==============================
[0m16:08:19.001660 [info ] [MainThread]: Running with dbt=1.8.7
[0m16:08:19.002193 [debug] [MainThread]: running dbt with arguments {'printer_width': '80', 'indirect_selection': 'eager', 'write_json': 'True', 'log_cache_events': 'False', 'partial_parse': 'True', 'cache_selected_only': 'False', 'warn_error': 'None', 'fail_fast': 'False', 'profiles_dir': '/home/tunguyenn99/.dbt', 'log_path': 'logs', 'version_check': 'True', 'debug': 'False', 'use_colors': 'True', 'use_experimental_parser': 'False', 'empty': 'None', 'quiet': 'False', 'no_print': 'None', 'warn_error_options': 'WarnErrorOptions(include=[], exclude=[])', 'static_parser': 'True', 'invocation_command': 'dbt debug', 'introspect': 'True', 'target_path': 'None', 'log_format': 'default', 'send_anonymous_usage_stats': 'True'}
[0m16:08:19.007564 [info ] [MainThread]: dbt version: 1.8.7
[0m16:08:19.007863 [info ] [MainThread]: python version: 3.8.10
[0m16:08:19.008110 [info ] [MainThread]: python path: /home/tunguyenn99/project/dbt-databricks/venv/bin/python3
[0m16:08:19.008363 [info ] [MainThread]: os info: Linux-5.15.153.1-microsoft-standard-WSL2-x86_64-with-glibc2.29
[0m16:08:19.038236 [debug] [MainThread]: Spark adapter: Setting pyhive.hive logging to ERROR
[0m16:08:19.038714 [debug] [MainThread]: Spark adapter: Setting thrift.transport logging to ERROR
[0m16:08:19.038991 [debug] [MainThread]: Spark adapter: Setting thrift.protocol logging to ERROR
[0m16:08:19.687836 [info ] [MainThread]: Error importing adapter: No module named 'dbt.adapters.postgres'
[0m16:08:19.688395 [info ] [MainThread]: Using profiles dir at /home/tunguyenn99/.dbt
[0m16:08:19.688669 [info ] [MainThread]: Using profiles.yml file at /home/tunguyenn99/.dbt/profiles.yml
[0m16:08:19.688894 [info ] [MainThread]: Using dbt_project.yml file at /home/tunguyenn99/project/dbt-databricks/dbt_project.yml
[0m16:08:19.689132 [info ] [MainThread]: Configuration:
[0m16:08:19.689348 [info ] [MainThread]:   profiles.yml file [[31mERROR invalid[0m]
[0m16:08:19.689569 [info ] [MainThread]:   dbt_project.yml file [[31mERROR not found[0m]
[0m16:08:19.689774 [info ] [MainThread]: Required dependencies:
[0m16:08:19.689996 [debug] [MainThread]: Executing "git --help"
[0m16:08:19.696283 [debug] [MainThread]: STDOUT: "b"usage: git [--version] [--help] [-C <path>] [-c <name>=<value>]\n           [--exec-path[=<path>]] [--html-path] [--man-path] [--info-path]\n           [-p | --paginate | -P | --no-pager] [--no-replace-objects] [--bare]\n           [--git-dir=<path>] [--work-tree=<path>] [--namespace=<name>]\n           <command> [<args>]\n\nThese are common Git commands used in various situations:\n\nstart a working area (see also: git help tutorial)\n   clone             Clone a repository into a new directory\n   init              Create an empty Git repository or reinitialize an existing one\n\nwork on the current change (see also: git help everyday)\n   add               Add file contents to the index\n   mv                Move or rename a file, a directory, or a symlink\n   restore           Restore working tree files\n   rm                Remove files from the working tree and from the index\n   sparse-checkout   Initialize and modify the sparse-checkout\n\nexamine the history and state (see also: git help revisions)\n   bisect            Use binary search to find the commit that introduced a bug\n   diff              Show changes between commits, commit and working tree, etc\n   grep              Print lines matching a pattern\n   log               Show commit logs\n   show              Show various types of objects\n   status            Show the working tree status\n\ngrow, mark and tweak your common history\n   branch            List, create, or delete branches\n   commit            Record changes to the repository\n   merge             Join two or more development histories together\n   rebase            Reapply commits on top of another base tip\n   reset             Reset current HEAD to the specified state\n   switch            Switch branches\n   tag               Create, list, delete or verify a tag object signed with GPG\n\ncollaborate (see also: git help workflows)\n   fetch             Download objects and refs from another repository\n   pull              Fetch from and integrate with another repository or a local branch\n   push              Update remote refs along with associated objects\n\n'git help -a' and 'git help -g' list available subcommands and some\nconcept guides. See 'git help <command>' or 'git help <concept>'\nto read about a specific subcommand or concept.\nSee 'git help git' for an overview of the system.\n""
[0m16:08:19.696934 [debug] [MainThread]: STDERR: "b''"
[0m16:08:19.697300 [info ] [MainThread]:  - git [[32mOK found[0m]

[0m16:08:19.697649 [info ] [MainThread]: Connection test skipped since no profile was found
[0m16:08:19.698009 [info ] [MainThread]: [31m2 checks failed:[0m
[0m16:08:19.698332 [info ] [MainThread]: Could not load dbt_project.yml
Profile loading failed for the following reason:
Runtime Error
  Credentials in profile "retail_pg", target "dev" invalid: Runtime Error
    Could not find adapter type postgres!


[0m16:08:19.698610 [info ] [MainThread]: Project loading failed for the following reason:
 project path </home/tunguyenn99/project/dbt-databricks/dbt_project.yml> not found

[0m16:08:19.699396 [debug] [MainThread]: Resource report: {"command_name": "debug", "command_wall_clock_time": 0.73766345, "process_user_time": 1.681982, "process_kernel_time": 1.45171, "process_mem_max_rss": "229440", "process_out_blocks": "16", "command_success": false, "process_in_blocks": "0"}
[0m16:08:19.699766 [debug] [MainThread]: Command `dbt debug` failed at 16:08:19.699685 after 0.74 seconds
[0m16:08:19.700105 [debug] [MainThread]: Sending event: {'category': 'dbt', 'action': 'invocation', 'label': 'end', 'context': [<snowplow_tracker.self_describing_json.SelfDescribingJson object at 0x7f63d61c39a0>, <snowplow_tracker.self_describing_json.SelfDescribingJson object at 0x7f63d479bf70>, <snowplow_tracker.self_describing_json.SelfDescribingJson object at 0x7f63d49cac10>]}
[0m16:08:19.700508 [debug] [MainThread]: Flushing usage events
[0m16:46:35.372302 [debug] [MainThread]: Sending event: {'category': 'dbt', 'action': 'invocation', 'label': 'start', 'context': [<snowplow_tracker.self_describing_json.SelfDescribingJson object at 0x7fd46b21ff70>, <snowplow_tracker.self_describing_json.SelfDescribingJson object at 0x7fd46a4944c0>, <snowplow_tracker.self_describing_json.SelfDescribingJson object at 0x7fd4698bb5b0>]}


============================== 16:46:35.377038 | 2bbabe5a-cf1b-4c72-8d8e-fc0a99daf8c2 ==============================
[0m16:46:35.377038 [info ] [MainThread]: Running with dbt=1.8.7
[0m16:46:35.377558 [debug] [MainThread]: running dbt with arguments {'printer_width': '80', 'indirect_selection': 'eager', 'log_cache_events': 'False', 'write_json': 'True', 'partial_parse': 'True', 'cache_selected_only': 'False', 'warn_error': 'None', 'version_check': 'True', 'fail_fast': 'False', 'log_path': 'logs', 'profiles_dir': '/home/tunguyenn99/.dbt', 'debug': 'False', 'use_colors': 'True', 'use_experimental_parser': 'False', 'no_print': 'None', 'quiet': 'False', 'empty': 'None', 'log_format': 'default', 'static_parser': 'True', 'invocation_command': 'dbt deps', 'warn_error_options': 'WarnErrorOptions(include=[], exclude=[])', 'target_path': 'None', 'introspect': 'True', 'send_anonymous_usage_stats': 'True'}
[0m16:46:35.378160 [error] [MainThread]: Encountered an error:
Runtime Error
  No dbt_project.yml found at expected path /home/tunguyenn99/project/dbt-databricks/dbt_project.yml
  Verify that each entry within packages.yml (and their transitive dependencies) contains a file named dbt_project.yml
  
[0m16:46:35.379207 [debug] [MainThread]: Resource report: {"command_name": "deps", "command_wall_clock_time": 0.054516997, "process_user_time": 0.789482, "process_kernel_time": 0.042653, "process_mem_max_rss": "79924", "process_in_blocks": "46832", "process_out_blocks": "8", "command_success": false}
[0m16:46:35.379538 [debug] [MainThread]: Command `dbt deps` failed at 16:46:35.379460 after 0.05 seconds
[0m16:46:35.379815 [debug] [MainThread]: Sending event: {'category': 'dbt', 'action': 'invocation', 'label': 'end', 'context': [<snowplow_tracker.self_describing_json.SelfDescribingJson object at 0x7fd46b21ff70>, <snowplow_tracker.self_describing_json.SelfDescribingJson object at 0x7fd4699fd7c0>, <snowplow_tracker.self_describing_json.SelfDescribingJson object at 0x7fd469a84490>]}
[0m16:46:35.380197 [debug] [MainThread]: Flushing usage events
[0m00:40:53.562159 [debug] [MainThread]: Sending event: {'category': 'dbt', 'action': 'invocation', 'label': 'start', 'context': [<snowplow_tracker.self_describing_json.SelfDescribingJson object at 0x7f0ef9f56cd0>, <snowplow_tracker.self_describing_json.SelfDescribingJson object at 0x7f0ef9228ee0>, <snowplow_tracker.self_describing_json.SelfDescribingJson object at 0x7f0ef85fd1c0>]}


============================== 00:40:53.564637 | 8df70c67-63c3-443f-8513-68f2fe0f3c9f ==============================
[0m00:40:53.564637 [info ] [MainThread]: Running with dbt=1.8.7
[0m00:40:53.565332 [debug] [MainThread]: running dbt with arguments {'printer_width': '80', 'indirect_selection': 'eager', 'write_json': 'True', 'log_cache_events': 'False', 'partial_parse': 'True', 'cache_selected_only': 'False', 'profiles_dir': '/home/tunguyenn99/.dbt', 'debug': 'False', 'version_check': 'True', 'log_path': 'logs', 'fail_fast': 'False', 'warn_error': 'None', 'use_colors': 'True', 'use_experimental_parser': 'False', 'no_print': 'None', 'quiet': 'False', 'empty': 'None', 'warn_error_options': 'WarnErrorOptions(include=[], exclude=[])', 'introspect': 'True', 'invocation_command': 'dbt init', 'static_parser': 'True', 'target_path': 'None', 'log_format': 'default', 'send_anonymous_usage_stats': 'True'}
[0m00:41:03.603435 [debug] [MainThread]: Starter project path: /home/tunguyenn99/project-vscode/dbt-databricks/venv/lib/python3.8/site-packages/dbt/include/starter_project
[0m00:41:03.608375 [info ] [MainThread]: 
Your new dbt project "dbt_databricks_project" was created!

For more information on how to configure the profiles.yml file,
please consult the dbt documentation here:

  https://docs.getdbt.com/docs/configure-your-profile

One more thing:

Need help? Don't hesitate to reach out to us via GitHub issues or on Slack:

  https://community.getdbt.com/

Happy modeling!

[0m00:41:03.609051 [info ] [MainThread]: Setting up your profile.
[0m00:41:05.002974 [debug] [MainThread]: Spark adapter: Setting pyhive.hive logging to ERROR
[0m00:41:05.003857 [debug] [MainThread]: Spark adapter: Setting thrift.transport logging to ERROR
[0m00:41:05.004626 [debug] [MainThread]: Spark adapter: Setting thrift.protocol logging to ERROR
[0m00:43:39.152167 [info ] [MainThread]: Profile dbt_databricks_project written to /home/tunguyenn99/.dbt/profiles.yml using target's profile_template.yml and your supplied values. Run 'dbt debug' to validate the connection.
[0m00:43:39.153396 [debug] [MainThread]: Resource report: {"command_name": "init", "command_success": true, "command_wall_clock_time": 165.64514, "process_user_time": 2.394413, "process_kernel_time": 0.49959, "process_mem_max_rss": "220668", "process_in_blocks": "360", "process_out_blocks": "96"}
[0m00:43:39.154127 [debug] [MainThread]: Command `dbt init` succeeded at 00:43:39.153903 after 165.65 seconds
[0m00:43:39.154837 [debug] [MainThread]: Sending event: {'category': 'dbt', 'action': 'invocation', 'label': 'end', 'context': [<snowplow_tracker.self_describing_json.SelfDescribingJson object at 0x7f0ef9f56cd0>, <snowplow_tracker.self_describing_json.SelfDescribingJson object at 0x7f0efb8afbe0>, <snowplow_tracker.self_describing_json.SelfDescribingJson object at 0x7f0ed5a6bf40>]}
[0m00:43:39.155619 [debug] [MainThread]: Flushing usage events
